<?xml version="1.0" encoding="UTF-8"?>
<!-- Generated by org.testng.reporters.JUnitXMLReporter -->
<testsuite ignored="3" hostname="DESKTOP-35QI2EL" failures="0" tests="4" name="Surefire test" time="82.931" errors="0" timestamp="2025-05-07T22:47:06 IST">
  <testcase classname="testClasses.AppointmentPatientTest" name="appointmentPatient" time="14.46"/>
  <testcase classname="testClasses.LoginTest" name="executeLoginTest" time="3.521"/>
  <testcase classname="testClasses.RecordPatientDetailsTest" name="addPatVitals" time="17.334"/>
  <testcase classname="testClasses.RegisterPatientTest" name="addPatient" time="11.775"/>
  <testcase classname="utilities.BaseClass" name="@AfterTest closeBrowser" time="0.0">
    <ignored/>
  </testcase> <!-- @AfterTest closeBrowser -->
  <testcase classname="utilities.BaseClass" name="@AfterTest closeBrowser" time="0.0">
    <ignored/>
  </testcase> <!-- @AfterTest closeBrowser -->
  <testcase classname="utilities.BaseClass" name="@AfterTest closeBrowser" time="0.0">
    <ignored/>
  </testcase> <!-- @AfterTest closeBrowser -->
</testsuite> <!-- Surefire test -->
