<?xml version="1.0" encoding="UTF-8"?>
<!-- Generated by org.testng.reporters.JUnitXMLReporter -->
<testsuite ignored="3" hostname="DESKTOP-35QI2EL" failures="0" tests="5" name="Test" time="79.905" errors="0" timestamp="2025-05-13T20:18:35 IST">
  <testcase classname="testClasses.AppointmentPatientTest" name="appointmentPatient" time="13.361"/>
  <testcase classname="testClasses.LoginTest" name="executeLoginTest" time="3.504"/>
  <testcase classname="testClasses.RecordPatientDetailsTest" name="addPatVitals" time="17.383"/>
  <testcase classname="testClasses.RegisterPatientTest" name="addPatient" time="9.763"/>
  <testcase classname="testClasses.Extent_Report" name="demoTest" time="0.013"/>
  <testcase classname="utilities.BaseClass" name="@AfterTest closeBrowser" time="0.0">
    <ignored/>
  </testcase> <!-- @AfterTest closeBrowser -->
  <testcase classname="utilities.BaseClass" name="@AfterTest closeBrowser" time="0.0">
    <ignored/>
  </testcase> <!-- @AfterTest closeBrowser -->
  <testcase classname="utilities.BaseClass" name="@AfterTest closeBrowser" time="0.0">
    <ignored/>
  </testcase> <!-- @AfterTest closeBrowser -->
</testsuite> <!-- Test -->
