<?xml version="1.0" encoding="UTF-8"?>
<testng-results ignored="12" total="16" passed="3" failed="1" skipped="0">
  <reporter-output>
    <line>
      <![CDATA[My Test Case got passed]]>
    </line>
    <line>
      <![CDATA[My Test Case got failed]]>
    </line>
    <line>
      <![CDATA[My Test Case got passed]]>
    </line>
    <line>
      <![CDATA[My Test Case got passed]]>
    </line>
  </reporter-output>
  <suite started-at="2025-05-13T17:41:30 IST" name="Suite" finished-at="2025-05-13T17:43:48 IST" duration-ms="137826">
    <groups>
      <group name="sanity">
        <method signature="LoginTest.executeLoginTest()[pri:0, instance:testClasses.LoginTest@11392934]" name="executeLoginTest" class="testClasses.LoginTest"/>
        <method signature="RegisterPatientTest.addPatient(java.lang.String,java.lang.String,java.lang.String,java.lang.String)[pri:1, instance:testClasses.RegisterPatientTest@6892b3b6]" name="addPatient" class="testClasses.RegisterPatientTest"/>
        <method signature="AppointmentPatientTest.appointmentPatient()[pri:2, instance:testClasses.AppointmentPatientTest@f0c8a99]" name="appointmentPatient" class="testClasses.AppointmentPatientTest"/>
        <method signature="RecordPatientDetailsTest.addPatVitals()[pri:3, instance:testClasses.RecordPatientDetailsTest@2a265ea9]" name="addPatVitals" class="testClasses.RecordPatientDetailsTest"/>
      </group> <!-- sanity -->
    </groups>
    <test started-at="2025-05-13T17:41:30 IST" name="Test" finished-at="2025-05-13T17:43:48 IST" duration-ms="137826">
      <class name="testClasses.RecordPatientDetailsTest">
        <test-method is-config="true" signature="openBrowser()[pri:0, instance:testClasses.RecordPatientDetailsTest@2a265ea9]" started-at="2025-05-13T17:41:59 IST" name="openBrowser" finished-at="2025-05-13T17:42:10 IST" duration-ms="11281" status="PASS">
          <reporter-output>
          </reporter-output>
        </test-method> <!-- openBrowser -->
        <test-method signature="addPatVitals()[pri:3, instance:testClasses.RecordPatientDetailsTest@2a265ea9]" started-at="2025-05-13T17:42:10 IST" name="addPatVitals" finished-at="2025-05-13T17:43:06 IST" duration-ms="55421" status="FAIL">
          <exception class="org.openqa.selenium.TimeoutException">
            <message>
              <![CDATA[Expected condition failed: waiting for visibility of element located by By.xpath: //input[contains(@name, 'Temperature')] (tried for 40 second(s) with 500 milliseconds interval)
Build info: version: '4.16.1', revision: '9b4c83354e'
System info: os.name: 'Windows 11', os.arch: 'amd64', os.version: '10.0', java.version: '17.0.11'
Driver info: org.openqa.selenium.edge.EdgeDriver
Capabilities {acceptInsecureCerts: false, browserName: MicrosoftEdge, browserVersion: 136.0.3240.64, fedcm:accounts: true, ms:edgeOptions: {debuggerAddress: localhost:50874}, msedge: {msedgedriverVersion: 136.0.3240.64 (e3a39d3fa3c6..., userDataDir: C:\Users\EKTA\AppData\Local...}, networkConnectionEnabled: false, pageLoadStrategy: normal, platformName: windows, proxy: Proxy(), se:cdp: ws://localhost:50874/devtoo..., se:cdpVersion: 136.0.3240.64, setWindowRect: true, strictFileInteractability: false, timeouts: {implicit: 0, pageLoad: 300000, script: 30000}, unhandledPromptBehavior: dismiss and notify, webauthn:extension:credBlob: true, webauthn:extension:largeBlob: true, webauthn:extension:minPinLength: true, webauthn:extension:prf: true, webauthn:virtualAuthenticators: true}
Session ID: 191247ac9f5860009120fec955530317]]>
            </message>
            <full-stacktrace>
              <![CDATA[org.openqa.selenium.TimeoutException: Expected condition failed: waiting for visibility of element located by By.xpath: //input[contains(@name, 'Temperature')] (tried for 40 second(s) with 500 milliseconds interval)
Build info: version: '4.16.1', revision: '9b4c83354e'
System info: os.name: 'Windows 11', os.arch: 'amd64', os.version: '10.0', java.version: '17.0.11'
Driver info: org.openqa.selenium.edge.EdgeDriver
Capabilities {acceptInsecureCerts: false, browserName: MicrosoftEdge, browserVersion: 136.0.3240.64, fedcm:accounts: true, ms:edgeOptions: {debuggerAddress: localhost:50874}, msedge: {msedgedriverVersion: 136.0.3240.64 (e3a39d3fa3c6..., userDataDir: C:\Users\EKTA\AppData\Local...}, networkConnectionEnabled: false, pageLoadStrategy: normal, platformName: windows, proxy: Proxy(), se:cdp: ws://localhost:50874/devtoo..., se:cdpVersion: 136.0.3240.64, setWindowRect: true, strictFileInteractability: false, timeouts: {implicit: 0, pageLoad: 300000, script: 30000}, unhandledPromptBehavior: dismiss and notify, webauthn:extension:credBlob: true, webauthn:extension:largeBlob: true, webauthn:extension:minPinLength: true, webauthn:extension:prf: true, webauthn:virtualAuthenticators: true}
Session ID: 191247ac9f5860009120fec955530317
at org.openqa.selenium.support.ui.WebDriverWait.timeoutException(WebDriverWait.java:84)
at org.openqa.selenium.support.ui.FluentWait.until(FluentWait.java:229)
at utilities.BaseClass.addExplicitWait(BaseClass.java:89)
at testClasses.RecordPatientDetailsTest.addPatVitals(RecordPatientDetailsTest.java:21)
at java.base/jdk.internal.reflect.NativeMethodAccessorImpl.invoke0(Native Method)
at java.base/jdk.internal.reflect.NativeMethodAccessorImpl.invoke(NativeMethodAccessorImpl.java:77)
at java.base/jdk.internal.reflect.DelegatingMethodAccessorImpl.invoke(DelegatingMethodAccessorImpl.java:43)
at java.base/java.lang.reflect.Method.invoke(Method.java:568)
at org.testng.internal.invokers.MethodInvocationHelper.invokeMethod(MethodInvocationHelper.java:139)
at org.testng.internal.invokers.TestInvoker.invokeMethod(TestInvoker.java:677)
at org.testng.internal.invokers.TestInvoker.invokeTestMethod(TestInvoker.java:221)
at org.testng.internal.invokers.MethodRunner.runInSequence(MethodRunner.java:50)
at org.testng.internal.invokers.TestInvoker$MethodInvocationAgent.invoke(TestInvoker.java:969)
at org.testng.internal.invokers.TestInvoker.invokeTestMethods(TestInvoker.java:194)
at org.testng.internal.invokers.TestMethodWorker.invokeTestMethods(TestMethodWorker.java:148)
at org.testng.internal.invokers.TestMethodWorker.run(TestMethodWorker.java:128)
at java.base/java.util.ArrayList.forEach(ArrayList.java:1511)
at org.testng.TestRunner.privateRun(TestRunner.java:829)
at org.testng.TestRunner.run(TestRunner.java:602)
at org.testng.SuiteRunner.runTest(SuiteRunner.java:437)
at org.testng.SuiteRunner.runSequentially(SuiteRunner.java:431)
at org.testng.SuiteRunner.privateRun(SuiteRunner.java:391)
at org.testng.SuiteRunner.run(SuiteRunner.java:330)
at org.testng.SuiteRunnerWorker.runSuite(SuiteRunnerWorker.java:52)
at org.testng.SuiteRunnerWorker.run(SuiteRunnerWorker.java:95)
at org.testng.TestNG.runSuitesSequentially(TestNG.java:1256)
at org.testng.TestNG.runSuitesLocally(TestNG.java:1176)
at org.testng.TestNG.runSuites(TestNG.java:1099)
at org.testng.TestNG.run(TestNG.java:1067)
at org.apache.maven.surefire.testng.TestNGExecutor.run(TestNGExecutor.java:308)
at org.apache.maven.surefire.testng.TestNGXmlTestSuite.execute(TestNGXmlTestSuite.java:71)
at org.apache.maven.surefire.testng.TestNGProvider.invoke(TestNGProvider.java:113)
at org.apache.maven.surefire.booter.ForkedBooter.runSuitesInProcess(ForkedBooter.java:385)
at org.apache.maven.surefire.booter.ForkedBooter.execute(ForkedBooter.java:162)
at org.apache.maven.surefire.booter.ForkedBooter.run(ForkedBooter.java:507)
at org.apache.maven.surefire.booter.ForkedBooter.main(ForkedBooter.java:495)
]]>
            </full-stacktrace>
          </exception> <!-- org.openqa.selenium.TimeoutException -->
          <reporter-output>
            <line>
              <![CDATA[My Test Case got failed]]>
            </line>
          </reporter-output>
        </test-method> <!-- addPatVitals -->
      </class> <!-- testClasses.RecordPatientDetailsTest -->
      <class name="testClasses.RegisterPatientTest">
        <test-method is-config="true" signature="openBrowser()[pri:0, instance:testClasses.RegisterPatientTest@6892b3b6]" started-at="2025-05-13T17:43:19 IST" name="openBrowser" finished-at="2025-05-13T17:43:28 IST" duration-ms="8443" status="PASS">
          <reporter-output>
          </reporter-output>
        </test-method> <!-- openBrowser -->
        <test-method signature="addPatient(java.lang.String,java.lang.String,java.lang.String,java.lang.String)[pri:1, instance:testClasses.RegisterPatientTest@6892b3b6]" started-at="2025-05-13T17:43:28 IST" name="addPatient" data-provider="registerpatientdata" finished-at="2025-05-13T17:43:45 IST" duration-ms="17532" status="PASS">
          <params>
            <param index="0">
              <value>
                <![CDATA[Joshua]]>
              </value>
            </param>
            <param index="1">
              <value>
                <![CDATA[Thomas]]>
              </value>
            </param>
            <param index="2">
              <value>
                <![CDATA[30]]>
              </value>
            </param>
            <param index="3">
              <value>
                <![CDATA[Kolkatta]]>
              </value>
            </param>
          </params>
          <reporter-output>
            <line>
              <![CDATA[My Test Case got passed]]>
            </line>
          </reporter-output>
        </test-method> <!-- addPatient -->
      </class> <!-- testClasses.RegisterPatientTest -->
      <class name="testClasses.LoginTest">
        <test-method is-config="true" signature="openBrowser()[pri:0, instance:testClasses.LoginTest@11392934]" started-at="2025-05-13T17:43:06 IST" name="openBrowser" finished-at="2025-05-13T17:43:14 IST" duration-ms="8442" status="PASS">
          <reporter-output>
          </reporter-output>
        </test-method> <!-- openBrowser -->
        <test-method signature="executeLoginTest()[pri:0, instance:testClasses.LoginTest@11392934]" started-at="2025-05-13T17:43:14 IST" name="executeLoginTest" finished-at="2025-05-13T17:43:19 IST" duration-ms="4572" status="PASS">
          <reporter-output>
            <line>
              <![CDATA[My Test Case got passed]]>
            </line>
          </reporter-output>
        </test-method> <!-- executeLoginTest -->
      </class> <!-- testClasses.LoginTest -->
      <class name="testClasses.AppointmentPatientTest">
        <test-method is-config="true" signature="setupExtent()[pri:0, instance:testClasses.AppointmentPatientTest@f0c8a99]" started-at="2025-05-13T17:41:30 IST" name="setupExtent" finished-at="2025-05-13T17:41:30 IST" duration-ms="676" status="PASS">
          <reporter-output>
          </reporter-output>
        </test-method> <!-- setupExtent -->
        <test-method is-config="true" signature="openBrowser()[pri:0, instance:testClasses.AppointmentPatientTest@f0c8a99]" started-at="2025-05-13T17:41:30 IST" name="openBrowser" finished-at="2025-05-13T17:41:41 IST" duration-ms="10512" status="PASS">
          <reporter-output>
          </reporter-output>
        </test-method> <!-- openBrowser -->
        <test-method signature="appointmentPatient()[pri:2, instance:testClasses.AppointmentPatientTest@f0c8a99]" started-at="2025-05-13T17:41:41 IST" name="appointmentPatient" finished-at="2025-05-13T17:41:59 IST" duration-ms="18038" status="PASS">
          <reporter-output>
            <line>
              <![CDATA[My Test Case got passed]]>
            </line>
          </reporter-output>
        </test-method> <!-- appointmentPatient -->
        <test-method is-config="true" signature="closeBrowser()[pri:0, instance:testClasses.AppointmentPatientTest@f0c8a99]" started-at="2025-05-13T17:43:45 IST" name="closeBrowser" finished-at="2025-05-13T17:43:48 IST" duration-ms="2576" status="PASS">
          <reporter-output>
          </reporter-output>
        </test-method> <!-- closeBrowser -->
        <test-method is-config="true" signature="tearDown()[pri:0, instance:testClasses.AppointmentPatientTest@f0c8a99]" started-at="2025-05-13T17:43:48 IST" name="tearDown" finished-at="2025-05-13T17:43:49 IST" duration-ms="903" status="PASS">
          <reporter-output>
          </reporter-output>
        </test-method> <!-- tearDown -->
      </class> <!-- testClasses.AppointmentPatientTest -->
    </test> <!-- Test -->
  </suite> <!-- Suite -->
</testng-results>
