<?xml version="1.0" encoding="UTF-8"?>
<testng-results ignored="3" total="8" passed="5" failed="0" skipped="0">
  <reporter-output>
    <line>
      <![CDATA[My Test Case got passed]]>
    </line>
    <line>
      <![CDATA[My Test Case got passed]]>
    </line>
    <line>
      <![CDATA[My Test Case got passed]]>
    </line>
    <line>
      <![CDATA[My Test Case got passed]]>
    </line>
    <line>
      <![CDATA[All scenarios passed]]>
    </line>
    <line>
      <![CDATA[My Test Case got passed]]>
    </line>
  </reporter-output>
  <suite started-at="2025-05-13T20:17:15 IST" name="Suite" finished-at="2025-05-13T20:18:35 IST" duration-ms="79905">
    <groups>
      <group name="sanity">
        <method signature="Extent_Report.demoTest()[pri:0, instance:testClasses.Extent_Report@2eae8e6e]" name="demoTest" class="testClasses.Extent_Report"/>
        <method signature="LoginTest.executeLoginTest()[pri:0, instance:testClasses.LoginTest@449a4f23]" name="executeLoginTest" class="testClasses.LoginTest"/>
        <method signature="RegisterPatientTest.addPatient(java.lang.String,java.lang.String,java.lang.String,java.lang.String)[pri:1, instance:testClasses.RegisterPatientTest@5b1669c0]" name="addPatient" class="testClasses.RegisterPatientTest"/>
        <method signature="AppointmentPatientTest.appointmentPatient()[pri:2, instance:testClasses.AppointmentPatientTest@54c5a2ff]" name="appointmentPatient" class="testClasses.AppointmentPatientTest"/>
        <method signature="RecordPatientDetailsTest.addPatVitals()[pri:3, instance:testClasses.RecordPatientDetailsTest@1530c739]" name="addPatVitals" class="testClasses.RecordPatientDetailsTest"/>
      </group> <!-- sanity -->
    </groups>
    <test started-at="2025-05-13T20:17:15 IST" name="Test" finished-at="2025-05-13T20:18:35 IST" duration-ms="79905">
      <class name="testClasses.Extent_Report">
        <test-method is-config="true" signature="setup()[pri:0, instance:testClasses.Extent_Report@2eae8e6e]" started-at="2025-05-13T20:17:15 IST" name="setup" finished-at="2025-05-13T20:17:15 IST" duration-ms="150" status="PASS">
          <reporter-output>
          </reporter-output>
        </test-method> <!-- setup -->
        <test-method signature="demoTest()[pri:0, instance:testClasses.Extent_Report@2eae8e6e]" started-at="2025-05-13T20:18:32 IST" name="demoTest" finished-at="2025-05-13T20:18:32 IST" duration-ms="13" status="PASS">
          <reporter-output>
            <line>
              <![CDATA[All scenarios passed]]>
            </line>
            <line>
              <![CDATA[My Test Case got passed]]>
            </line>
          </reporter-output>
        </test-method> <!-- demoTest -->
        <test-method is-config="true" signature="tearDown()[pri:0, instance:testClasses.Extent_Report@2eae8e6e]" started-at="2025-05-13T20:18:35 IST" name="tearDown" finished-at="2025-05-13T20:18:36 IST" duration-ms="502" status="PASS">
          <reporter-output>
          </reporter-output>
        </test-method> <!-- tearDown -->
      </class> <!-- testClasses.Extent_Report -->
      <class name="testClasses.RegisterPatientTest">
        <test-method is-config="true" signature="openBrowser()[pri:0, instance:testClasses.RegisterPatientTest@5b1669c0]" started-at="2025-05-13T20:18:15 IST" name="openBrowser" finished-at="2025-05-13T20:18:23 IST" duration-ms="7083" status="PASS">
          <reporter-output>
          </reporter-output>
        </test-method> <!-- openBrowser -->
        <test-method signature="addPatient(java.lang.String,java.lang.String,java.lang.String,java.lang.String)[pri:1, instance:testClasses.RegisterPatientTest@5b1669c0]" started-at="2025-05-13T20:18:23 IST" name="addPatient" data-provider="registerpatientdata" finished-at="2025-05-13T20:18:32 IST" duration-ms="9763" status="PASS">
          <params>
            <param index="0">
              <value>
                <![CDATA[Joshua]]>
              </value>
            </param>
            <param index="1">
              <value>
                <![CDATA[Thomas]]>
              </value>
            </param>
            <param index="2">
              <value>
                <![CDATA[30]]>
              </value>
            </param>
            <param index="3">
              <value>
                <![CDATA[Kolkatta]]>
              </value>
            </param>
          </params>
          <reporter-output>
            <line>
              <![CDATA[My Test Case got passed]]>
            </line>
          </reporter-output>
        </test-method> <!-- addPatient -->
      </class> <!-- testClasses.RegisterPatientTest -->
      <class name="testClasses.RecordPatientDetailsTest">
        <test-method is-config="true" signature="openBrowser()[pri:0, instance:testClasses.RecordPatientDetailsTest@1530c739]" started-at="2025-05-13T20:17:48 IST" name="openBrowser" finished-at="2025-05-13T20:17:58 IST" duration-ms="9709" status="PASS">
          <reporter-output>
          </reporter-output>
        </test-method> <!-- openBrowser -->
        <test-method signature="addPatVitals()[pri:3, instance:testClasses.RecordPatientDetailsTest@1530c739]" started-at="2025-05-13T20:17:58 IST" name="addPatVitals" finished-at="2025-05-13T20:18:15 IST" duration-ms="17383" status="PASS">
          <reporter-output>
            <line>
              <![CDATA[My Test Case got passed]]>
            </line>
          </reporter-output>
        </test-method> <!-- addPatVitals -->
      </class> <!-- testClasses.RecordPatientDetailsTest -->
      <class name="testClasses.LoginTest">
        <test-method is-config="true" signature="openBrowser()[pri:0, instance:testClasses.LoginTest@449a4f23]" started-at="2025-05-13T20:17:37 IST" name="openBrowser" finished-at="2025-05-13T20:17:45 IST" duration-ms="7481" status="PASS">
          <reporter-output>
          </reporter-output>
        </test-method> <!-- openBrowser -->
        <test-method signature="executeLoginTest()[pri:0, instance:testClasses.LoginTest@449a4f23]" started-at="2025-05-13T20:17:45 IST" name="executeLoginTest" finished-at="2025-05-13T20:17:48 IST" duration-ms="3504" status="PASS">
          <reporter-output>
            <line>
              <![CDATA[My Test Case got passed]]>
            </line>
          </reporter-output>
        </test-method> <!-- executeLoginTest -->
      </class> <!-- testClasses.LoginTest -->
      <class name="testClasses.AppointmentPatientTest">
        <test-method is-config="true" signature="openBrowser()[pri:0, instance:testClasses.AppointmentPatientTest@54c5a2ff]" started-at="2025-05-13T20:17:15 IST" name="openBrowser" finished-at="2025-05-13T20:17:24 IST" duration-ms="8417" status="PASS">
          <reporter-output>
          </reporter-output>
        </test-method> <!-- openBrowser -->
        <test-method signature="appointmentPatient()[pri:2, instance:testClasses.AppointmentPatientTest@54c5a2ff]" started-at="2025-05-13T20:17:24 IST" name="appointmentPatient" finished-at="2025-05-13T20:17:37 IST" duration-ms="13361" status="PASS">
          <reporter-output>
            <line>
              <![CDATA[My Test Case got passed]]>
            </line>
          </reporter-output>
        </test-method> <!-- appointmentPatient -->
        <test-method is-config="true" signature="closeBrowser()[pri:0, instance:testClasses.AppointmentPatientTest@54c5a2ff]" started-at="2025-05-13T20:18:33 IST" name="closeBrowser" finished-at="2025-05-13T20:18:35 IST" duration-ms="2327" status="PASS">
          <reporter-output>
          </reporter-output>
        </test-method> <!-- closeBrowser -->
      </class> <!-- testClasses.AppointmentPatientTest -->
    </test> <!-- Test -->
  </suite> <!-- Suite -->
</testng-results>
