<?xml version="1.0" encoding="UTF-8"?>
<testng-results ignored="0" total="1" passed="1" failed="0" skipped="0">
  <reporter-output>
    <line>
      <![CDATA[My Test Case got passed]]>
    </line>
  </reporter-output>
  <suite started-at="2025-05-13T20:15:23 IST" name="Default suite" finished-at="2025-05-13T20:15:55 IST" duration-ms="32594">
    <groups>
      <group name="sanity">
        <method signature="RecordPatientDetailsTest.addPatVitals()[pri:3, instance:testClasses.RecordPatientDetailsTest@6bbe85a8]" name="addPatVitals" class="testClasses.RecordPatientDetailsTest"/>
      </group> <!-- sanity -->
    </groups>
    <test started-at="2025-05-13T20:15:23 IST" name="Default test" finished-at="2025-05-13T20:15:55 IST" duration-ms="32594">
      <class name="testClasses.RecordPatientDetailsTest">
        <test-method is-config="true" signature="openBrowser()[pri:0, instance:testClasses.RecordPatientDetailsTest@6bbe85a8]" started-at="2025-05-13T20:15:23 IST" name="openBrowser" finished-at="2025-05-13T20:15:36 IST" duration-ms="13764" status="PASS">
          <reporter-output>
          </reporter-output>
        </test-method> <!-- openBrowser -->
        <test-method signature="addPatVitals()[pri:3, instance:testClasses.RecordPatientDetailsTest@6bbe85a8]" started-at="2025-05-13T20:15:36 IST" name="addPatVitals" finished-at="2025-05-13T20:15:53 IST" duration-ms="16213" status="PASS">
          <reporter-output>
            <line>
              <![CDATA[My Test Case got passed]]>
            </line>
          </reporter-output>
        </test-method> <!-- addPatVitals -->
        <test-method is-config="true" signature="closeBrowser()[pri:0, instance:testClasses.RecordPatientDetailsTest@6bbe85a8]" started-at="2025-05-13T20:15:53 IST" name="closeBrowser" finished-at="2025-05-13T20:15:55 IST" duration-ms="2363" status="PASS">
          <reporter-output>
          </reporter-output>
        </test-method> <!-- closeBrowser -->
      </class> <!-- testClasses.RecordPatientDetailsTest -->
    </test> <!-- Default test -->
  </suite> <!-- Default suite -->
</testng-results>
